\BOOKMARK [1][-]{section.1}{Indoor-Lokalisierung}{}% 1
\BOOKMARK [2][-]{subsection.1.1}{Aktive Lokalisierung}{section.1}% 2
\BOOKMARK [2][-]{subsection.1.2}{Passive Lokalisierung}{section.1}% 3
\BOOKMARK [1][-]{section.2}{Sensorlose Indoor-Lokalisierung}{}% 4
\BOOKMARK [2][-]{subsection.2.1}{Radio Frequency Identification}{section.2}% 5
\BOOKMARK [3][-]{subsubsection.2.1.1}{Bla}{subsection.2.1}% 6
\BOOKMARK [3][-]{subsubsection.2.1.2}{BlaBla}{subsection.2.1}% 7
\BOOKMARK [2][-]{subsection.2.2}{Ultra Wideband}{section.2}% 8
\BOOKMARK [3][-]{subsubsection.2.2.1}{Bla}{subsection.2.2}% 9
\BOOKMARK [3][-]{subsubsection.2.2.2}{BlaBla}{subsection.2.2}% 10
\BOOKMARK [2][-]{subsection.2.3}{Infrarot-Sensoren \(besser an die Abbildung halten\) vielleicht also Air Pressure}{section.2}% 11
\BOOKMARK [3][-]{subsubsection.2.3.1}{Bla}{subsection.2.3}% 12
\BOOKMARK [3][-]{subsubsection.2.3.2}{BlaBla}{subsection.2.3}% 13
\BOOKMARK [2][-]{subsection.2.4}{Drucksensoren}{section.2}% 14
\BOOKMARK [3][-]{subsubsection.2.4.1}{Bla}{subsection.2.4}% 15
\BOOKMARK [3][-]{subsubsection.2.4.2}{BlaBla}{subsection.2.4}% 16
\BOOKMARK [2][-]{subsection.2.5}{Computer-Vision}{section.2}% 17
\BOOKMARK [3][-]{subsubsection.2.5.1}{Bla}{subsection.2.5}% 18
\BOOKMARK [3][-]{subsubsection.2.5.2}{BlaBla}{subsection.2.5}% 19
\BOOKMARK [2][-]{subsection.2.6}{Fazit}{section.2}% 20
\BOOKMARK [2][-]{subsection.2.7}{Ausblick}{section.2}% 21
\BOOKMARK [1][-]{section.3}{Quellenverzeichnis}{}% 22
