\BOOKMARK [1][-]{section.1}{Einleitung}{}% 1
\BOOKMARK [1][-]{section.2}{Das Internet der Dinge}{}% 2
\BOOKMARK [1][-]{section.3}{Sicherheit im IoT}{}% 3
\BOOKMARK [2][-]{subsection.3.1}{Sicherheit von existierenden IoT-Ger\344ten}{section.3}% 4
\BOOKMARK [2][-]{subsection.3.2}{Hauptgr\374nde f\374r Sicherheitsprobleme im IoT}{section.3}% 5
\BOOKMARK [3][-]{subsubsection.3.2.1}{Unsichere Benutzer-Schnittstellen}{subsection.3.2}% 6
\BOOKMARK [3][-]{subsubsection.3.2.2}{Unzureichende Authentifikation}{subsection.3.2}% 7
\BOOKMARK [3][-]{subsubsection.3.2.3}{Unsichere Netzwerk Services}{subsection.3.2}% 8
\BOOKMARK [3][-]{subsubsection.3.2.4}{Mangelnde Transportverschl\374sselung}{subsection.3.2}% 9
\BOOKMARK [3][-]{subsubsection.3.2.5}{Datenschutz/ Privatsph\344re}{subsection.3.2}% 10
\BOOKMARK [3][-]{subsubsection.3.2.6}{Unzureichendes Ma\337 an Sicherheitskonfiguration}{subsection.3.2}% 11
\BOOKMARK [3][-]{subsubsection.3.2.7}{Unsichere Software/ Firmware}{subsection.3.2}% 12
\BOOKMARK [3][-]{subsubsection.3.2.8}{Mangelnde physische Sicherheit}{subsection.3.2}% 13
\BOOKMARK [1][-]{section.4}{Smart Home}{}% 14
\BOOKMARK [1][-]{section.5}{Anwendung des IoT in der Industrie}{}% 15
\BOOKMARK [1][-]{section.6}{Industrie 4.0}{}% 16
\BOOKMARK [2][-]{subsection.6.1}{Anforderungen an derartige Systeme}{section.6}% 17
\BOOKMARK [2][-]{subsection.6.2}{Cloud-Computing}{section.6}% 18
\BOOKMARK [3][-]{subsubsection.6.2.1}{Unterarten von Clouds}{subsection.6.2}% 19
\BOOKMARK [2][-]{subsection.6.3}{Industrie und die Cloud}{section.6}% 20
\BOOKMARK [2][-]{subsection.6.4}{Trusted Cloud}{section.6}% 21
\BOOKMARK [2][-]{subsection.6.5}{Zugriffskontrolle bei Cloud-Diensten}{section.6}% 22
\BOOKMARK [2][-]{subsection.6.6}{Suchen auf verschl\374sselten Daten}{section.6}% 23
\BOOKMARK [2][-]{subsection.6.7}{Secure Indexes}{section.6}% 24
\BOOKMARK [2][-]{subsection.6.8}{Konstruktion nach Goh gohindex}{section.6}% 25
\BOOKMARK [2][-]{subsection.6.9}{Schutz von limitierten Ger\344ten}{section.6}% 26
\BOOKMARK [2][-]{subsection.6.10}{Sichere Komponenten}{section.6}% 27
\BOOKMARK [3][-]{subsubsection.6.10.1}{Secure SoC}{subsection.6.10}% 28
\BOOKMARK [2][-]{subsection.6.11}{Physical Unclonable Functions}{section.6}% 29
\BOOKMARK [1][-]{section.7}{Fazit}{}% 30
\BOOKMARK [1][-]{section*.8}{Literatur}{}% 31
